<?xml version="1.0" encoding="UTF-8"?>
<!-- Generated by org.testng.reporters.JUnitXMLReporter -->
<testsuite hostname="DESKTOP-S6UVQG8" ignored="0" name="testlogin" tests="3" failures="1" timestamp="05 Jun 2020 01:49:03 GMT" time="7.43" errors="0">
  <testcase name="test1" time="2.277" classname="Test.TestCase.TestCase"/>
  <testcase name="test2" time="2.812" classname="Test.TestCase.TestCase">
    <failure type="java.lang.AssertionError" message="expected [true] but found [false]">
      <![CDATA[java.lang.AssertionError: expected [true] but found [false]
at Test.TestCase.TestCase.test2(TestCase.java:79)
... Removed 31 stack frames]]>
    </failure>
  </testcase> <!-- test2 -->
  <testcase name="test3" time="2.198" classname="Test.TestCase.TestCase"/>
</testsuite> <!-- testlogin -->
