<?xml version="1.0" encoding="UTF-8"?>
<!-- Generated by org.testng.reporters.JUnitXMLReporter -->
<testsuite hostname="DESKTOP-S6UVQG8" ignored="0" name="Command line test" tests="3" failures="0" timestamp="05 Jun 2020 13:55:52 GMT" time="6.203" errors="0">
  <testcase name="test1" time="1.712" classname="Test.TestCase.TestCase"/>
  <testcase name="test2" time="2.454" classname="Test.TestCase.TestCase"/>
  <testcase name="test3" time="2.011" classname="Test.TestCase.TestCase"/>
</testsuite> <!-- Command line test -->
