<?xml version="1.0" encoding="UTF-8"?>
<testng-results skipped="0" failed="0" ignored="0" total="3" passed="3">
  <reporter-output>
  </reporter-output>
  <suite name="Test.TestCase.TestCase" duration-ms="6203" started-at="2020-06-05T13:55:46Z" finished-at="2020-06-05T13:55:52Z">
    <groups>
    </groups>
    <test name="Command line test" duration-ms="6203" started-at="2020-06-05T13:55:46Z" finished-at="2020-06-05T13:55:52Z">
      <class name="Test.TestCase.TestCase">
        <test-method status="PASS" signature="initializeWeb()[pri:0, instance:Test.TestCase.TestCase@2ed94a8b]" name="initializeWeb" is-config="true" duration-ms="49797" started-at="2020-06-05T13:54:56Z" finished-at="2020-06-05T13:55:46Z">
          <reporter-output>
          </reporter-output>
        </test-method> <!-- initializeWeb -->
        <test-method status="PASS" signature="test1()[pri:0, instance:Test.TestCase.TestCase@2ed94a8b]" name="test1" duration-ms="1712" started-at="2020-06-05T13:55:46Z" finished-at="2020-06-05T13:55:48Z">
          <reporter-output>
          </reporter-output>
        </test-method> <!-- test1 -->
        <test-method status="PASS" signature="test2()[pri:0, instance:Test.TestCase.TestCase@2ed94a8b]" name="test2" duration-ms="2454" started-at="2020-06-05T13:55:48Z" finished-at="2020-06-05T13:55:50Z">
          <reporter-output>
          </reporter-output>
        </test-method> <!-- test2 -->
        <test-method status="PASS" signature="test3()[pri:0, instance:Test.TestCase.TestCase@2ed94a8b]" name="test3" duration-ms="2011" started-at="2020-06-05T13:55:50Z" finished-at="2020-06-05T13:55:52Z">
          <reporter-output>
          </reporter-output>
        </test-method> <!-- test3 -->
      </class> <!-- Test.TestCase.TestCase -->
    </test> <!-- Command line test -->
  </suite> <!-- Test.TestCase.TestCase -->
</testng-results>
